{"name": "Успешное принятие заказа", "status": "failed", "statusDetails": {"message": "AssertionError: assert {'code': 500,...onse [200]>\"'} == {'ok': True}\n  \n  Left contains 2 more items:\n  {'code': 500,\n   'message': 'invalid input syntax for type integer: \"<Response [200]>\"'}\n  Right contains 1 more item:\n  {'ok': True}\n  Use -v to get more diff", "trace": "self = <tests.test_accept_the_order.TestAcceptTheOrder object at 0x000001E7285A1BD0>, creating_courier_and_creating_order = [524449, <Response [200]>]\n\n    @allure.title(\"Успешное принятие заказа\")\n    def test_successful_accept_the_order(self, creating_courier_and_creating_order):\n        with allure.step(\"Принятие заказа\"):\n            courier_id = creating_courier_and_creating_order[0]\n            order_id = creating_courier_and_creating_order[1]\n            response = OrderMethods.accept_the_order(order_id, courier_id).json()\n>           assert response == {\"ok\":True}\nE           assert {'code': 500,...onse [200]>\"'} == {'ok': True}\nE             \nE             Left contains 2 more items:\nE             {'code': 500,\nE              'message': 'invalid input syntax for type integer: \"<Response [200]>\"'}\nE             Right contains 1 more item:\nE             {'ok': True}\nE             Use -v to get more diff\n\ntests\\test_accept_the_order.py:14: AssertionError"}, "steps": [{"name": "Принятие заказа", "status": "failed", "statusDetails": {"message": "AssertionError: assert {'code': 500,...onse [200]>\"'} == {'ok': True}\n  \n  Left contains 2 more items:\n  {'code': 500,\n   'message': 'invalid input syntax for type integer: \"<Response [200]>\"'}\n  Right contains 1 more item:\n  {'ok': True}\n  Use -v to get more diff\n", "trace": "  File \"C:\\Users\\Serega\\Git project\\Sprint_7\\tests\\test_accept_the_order.py\", line 14, in test_successful_accept_the_order\n    assert response == {\"ok\":True}\n"}, "start": 1747762660894, "stop": 1747762661079}], "start": 1747762660894, "stop": 1747762661081, "uuid": "1cd39060-a63f-4f26-b141-201b41ab32f0", "historyId": "1a318ffe605b55bda1e41ec8694c7bc1", "testCaseId": "1a318ffe605b55bda1e41ec8694c7bc1", "fullName": "tests.test_accept_the_order.TestAcceptTheOrder#test_successful_accept_the_order", "labels": [{"name": "parentSuite", "value": "tests"}, {"name": "suite", "value": "test_accept_the_order"}, {"name": "subSuite", "value": "TestAcceptTheOrder"}, {"name": "host", "value": "KOMPUTER"}, {"name": "thread", "value": "7720-MainThread"}, {"name": "framework", "value": "pytest"}, {"name": "language", "value": "cpython3"}, {"name": "package", "value": "tests.test_accept_the_order"}]}